Error al conectar la base de datos: MongoError: failed to connect to server [localhost:27017] on first connect [MongoError: connect ECONNREFUSED 127.0.0.1:27017]
Conexion a la base de datos establecida...
Node app is running at localhost:8080
Conexion a la base de datos establecida...
events.js:136
      throw er; // Unhandled 'error' event
      ^

Error: listen EADDRINUSE :::8080
    at Object._errnoException (util.js:1031:13)
    at _exceptionWithHostPort (util.js:1052:20)
    at Server.setupListenHandle [as _listen2] (net.js:1367:14)
    at listenInCluster (net.js:1408:12)
    at Server.listen (net.js:1496:7)
    at Function.listen (/home/usuario/STW/node_modules/express/lib/application.js:618:24)
    at mongoose.connect (/home/usuario/STW/index.js:49:6)
    at /home/usuario/STW/node_modules/mongoose/lib/connection.js:858:19
    at connectCallback (/home/usuario/STW/node_modules/mongoose/node_modules/mongodb/lib/mongo_client.js:527:5)
    at /home/usuario/STW/node_modules/mongoose/node_modules/mongodb/lib/mongo_client.js:430:11
    at _combinedTickCallback (internal/process/next_tick.js:131:7)
    at process._tickCallback (internal/process/next_tick.js:180:9)
Conexion a la base de datos establecida...
Node app is running at localhost:8080
Conexion a la base de datos establecida...
Example app listening at http://:::80
[0mGET / [36m304 [0m15.165 ms - -[0m
[0mGET /vendor/bootstrap/css/bootstrap.min.css [36m304 [0m3.382 ms - -[0m
[0mGET /vendor/font-awesome/css/font-awesome.min.css [36m304 [0m0.948 ms - -[0m
[0mGET /js/angular.min.js [36m304 [0m0.684 ms - -[0m
[0mGET /css/sb-admin.css [36m304 [0m0.644 ms - -[0m
[0mGET /css/profile.css [36m304 [0m0.514 ms - -[0m
[0mGET /vendor/jquery/jquery.min.js [36m304 [0m0.486 ms - -[0m
[0mGET /vendor/bootstrap/js/bootstrap.bundle.min.js [36m304 [0m0.480 ms - -[0m
[0mGET /vendor/jquery-easing/jquery.easing.min.js [36m304 [0m0.443 ms - -[0m
[0mGET /register [36m304 [0m2.641 ms - -[0m
[0mGET /vendor/bootstrap/css/bootstrap.min.css [36m304 [0m0.590 ms - -[0m
[0mGET /vendor/font-awesome/css/font-awesome.min.css [36m304 [0m0.472 ms - -[0m
[0mGET /js/angular.min.js [36m304 [0m0.544 ms - -[0m
[0mGET /css/sb-admin.css [36m304 [0m0.441 ms - -[0m
[0mGET /css/profile.css [36m304 [0m0.561 ms - -[0m
[0mGET /vendor/jquery/jquery.min.js [36m304 [0m0.506 ms - -[0m
[0mGET /vendor/bootstrap/js/bootstrap.bundle.min.js [36m304 [0m0.442 ms - -[0m
[0mGET /vendor/jquery-easing/jquery.easing.min.js [36m304 [0m0.422 ms - -[0m
estoy dentro del post register
(node:5410) DeprecationWarning: Mongoose: mpromise (mongoose's default promise library) is deprecated, plug in your own promise library instead: http://mongoosejs.com/docs/promises.html
[0mPOST /register [36m302 [0m527.836 ms - 64[0m
[0mGET /mislibros [32m200 [0m11.020 ms - 5160[0m
[0mGET /vendor/bootstrap/css/bootstrap.min.css [36m304 [0m2.039 ms - -[0m
[0mGET /vendor/font-awesome/css/font-awesome.min.css [36m304 [0m1.662 ms - -[0m
[0mGET /js/angular.min.js [36m304 [0m2.566 ms - -[0m
[0mGET /css/sb-admin.css [36m304 [0m1.334 ms - -[0m
[0mGET /css/profile.css [36m304 [0m1.338 ms - -[0m
[0mGET /vendor/jquery/jquery.min.js [36m304 [0m1.494 ms - -[0m
[0mGET /vendor/bootstrap/js/bootstrap.bundle.min.js [36m304 [0m1.508 ms - -[0m
[0mGET /vendor/jquery-easing/jquery.easing.min.js [36m304 [0m1.418 ms - -[0m
[0mGET /vendor/datatables/dataTables.bootstrap4.js [32m200 [0m11.670 ms - 4678[0m
[0mGET /js/sb-admin.min.js [32m200 [0m3.955 ms - 1443[0m
[0mGET /js/sb-admin-datatables.min.js [32m200 [0m2.866 ms - 311[0m
[0mGET /js/sb-admin-charts.min.js [32m200 [0m2.320 ms - 1948[0m
[0mGET /vendor/chart.js/Chart.min.js [32m200 [0m51.446 ms - 157415[0m
[0mGET /vendor/datatables/jquery.dataTables.js [32m200 [0m15.146 ms - 445792[0m
[0mGET /editProfile [32m200 [0m4.698 ms - 8323[0m
[0mGET /vendor/bootstrap/css/bootstrap.min.css [36m304 [0m1.770 ms - -[0m
[0mGET /vendor/font-awesome/css/font-awesome.min.css [36m304 [0m1.431 ms - -[0m
[0mGET /js/angular.min.js [36m304 [0m1.364 ms - -[0m
[0mGET /css/sb-admin.css [36m304 [0m1.240 ms - -[0m
[0mGET /css/profile.css [36m304 [0m2.306 ms - -[0m
[0mGET /vendor/jquery/jquery.min.js [36m304 [0m1.279 ms - -[0m
[0mGET /vendor/bootstrap/js/bootstrap.bundle.min.js [36m304 [0m1.179 ms - -[0m
[0mGET /vendor/jquery-easing/jquery.easing.min.js [36m304 [0m1.156 ms - -[0m
[0mGET /vendor/chart.js/Chart.min.js [36m304 [0m1.150 ms - -[0m
[0mGET /vendor/datatables/jquery.dataTables.js [36m304 [0m1.459 ms - -[0m
[0mGET /vendor/datatables/dataTables.bootstrap4.js [36m304 [0m1.560 ms - -[0m
[0mGET /js/sb-admin.min.js [36m304 [0m1.312 ms - -[0m
[0mGET /js/sb-admin-datatables.min.js [36m304 [0m1.331 ms - -[0m
[0mGET /js/sb-admin-charts.min.js [36m304 [0m1.383 ms - -[0m
[0mGET /img/male2.png [32m200 [0m3.719 ms - 32635[0m
[0mGET /img/photo3.png [32m200 [0m3.589 ms - 33569[0m
[0mGET /img/female2.png [32m200 [0m5.435 ms - 43630[0m
[0mGET /img/female.png [32m200 [0m14.438 ms - 44208[0m
[0mPOST /editImg [36m302 [0m8.381 ms - 66[0m
[0mGET /editProfile [32m200 [0m2.929 ms - 8295[0m
[0mGET /vendor/bootstrap/css/bootstrap.min.css [36m304 [0m1.780 ms - -[0m
[0mGET /vendor/font-awesome/css/font-awesome.min.css [36m304 [0m1.639 ms - -[0m
[0mGET /js/angular.min.js [36m304 [0m2.898 ms - -[0m
[0mGET /css/sb-admin.css [36m304 [0m5.456 ms - -[0m
[0mGET /css/profile.css [36m304 [0m1.643 ms - -[0m
[0mGET /vendor/jquery/jquery.min.js [36m304 [0m1.340 ms - -[0m
[0mGET /vendor/bootstrap/js/bootstrap.bundle.min.js [36m304 [0m1.439 ms - -[0m
[0mGET /vendor/jquery-easing/jquery.easing.min.js [36m304 [0m1.502 ms - -[0m
[0mGET /vendor/chart.js/Chart.min.js [36m304 [0m1.904 ms - -[0m
[0mGET /vendor/datatables/jquery.dataTables.js [36m304 [0m1.287 ms - -[0m
[0mGET /vendor/datatables/dataTables.bootstrap4.js [36m304 [0m1.701 ms - -[0m
[0mGET /js/sb-admin.min.js [36m304 [0m1.244 ms - -[0m
[0mGET /js/sb-admin-datatables.min.js [36m304 [0m1.228 ms - -[0m
[0mGET /js/sb-admin-charts.min.js [36m304 [0m2.582 ms - -[0m
[0mGET /img/photo3.png [36m304 [0m1.289 ms - -[0m
[0mGET /img/female.png [36m304 [0m1.387 ms - -[0m
[0mGET /img/female2.png [36m304 [0m1.197 ms - -[0m
[0mGET /img/male2.png [36m304 [0m1.317 ms - -[0m
[0mGET /mislibros [32m200 [0m3.763 ms - 5132[0m
[0mGET /vendor/bootstrap/css/bootstrap.min.css [36m304 [0m1.689 ms - -[0m
[0mGET /vendor/font-awesome/css/font-awesome.min.css [36m304 [0m1.427 ms - -[0m
[0mGET /js/angular.min.js [36m304 [0m2.323 ms - -[0m
[0mGET /css/sb-admin.css [36m304 [0m1.381 ms - -[0m
[0mGET /css/profile.css [36m304 [0m1.164 ms - -[0m
[0mGET /vendor/jquery/jquery.min.js [36m304 [0m1.274 ms - -[0m
[0mGET /vendor/bootstrap/js/bootstrap.bundle.min.js [36m304 [0m1.314 ms - -[0m
[0mGET /vendor/jquery-easing/jquery.easing.min.js [36m304 [0m1.193 ms - -[0m
[0mGET /vendor/chart.js/Chart.min.js [36m304 [0m1.234 ms - -[0m
[0mGET /vendor/datatables/jquery.dataTables.js [36m304 [0m1.744 ms - -[0m
[0mGET /vendor/datatables/dataTables.bootstrap4.js [36m304 [0m1.180 ms - -[0m
[0mGET /js/sb-admin.min.js [36m304 [0m1.374 ms - -[0m
[0mGET /js/sb-admin-datatables.min.js [36m304 [0m1.537 ms - -[0m
[0mGET /js/sb-admin-charts.min.js [36m304 [0m2.337 ms - -[0m
[0mGET /img/photo3.png [36m304 [0m1.636 ms - -[0m
[0mGET /crearRelato [32m200 [0m4.650 ms - 6068[0m
[0mGET /vendor/bootstrap/css/bootstrap.min.css [36m304 [0m1.726 ms - -[0m
[0mGET /vendor/font-awesome/css/font-awesome.min.css [36m304 [0m1.653 ms - -[0m
[0mGET /js/angular.min.js [36m304 [0m1.716 ms - -[0m
[0mGET /css/sb-admin.css [36m304 [0m1.309 ms - -[0m
[0mGET /css/profile.css [36m304 [0m3.361 ms - -[0m
[0mGET /vendor/jquery/jquery.min.js [36m304 [0m1.728 ms - -[0m
[0mGET /vendor/bootstrap/js/bootstrap.bundle.min.js [36m304 [0m2.900 ms - -[0m
[0mGET /vendor/jquery-easing/jquery.easing.min.js [36m304 [0m1.602 ms - -[0m
[0mGET /vendor/datatables/jquery.dataTables.js [36m304 [0m1.266 ms - -[0m
[0mGET /vendor/datatables/dataTables.bootstrap4.js [36m304 [0m1.276 ms - -[0m
[0mGET /js/sb-admin.min.js [36m304 [0m1.159 ms - -[0m
[0mGET /js/sb-admin-datatables.min.js [36m304 [0m1.500 ms - -[0m
[0mPOST /crearRelato [36m302 [0m69.432 ms - 62[0m
[0mGET /mislibros [32m200 [0m4.104 ms - 8377[0m
[0mGET /vendor/bootstrap/css/bootstrap.min.css [36m304 [0m1.524 ms - -[0m
[0mGET /vendor/font-awesome/css/font-awesome.min.css [36m304 [0m1.357 ms - -[0m
[0mGET /js/angular.min.js [36m304 [0m1.286 ms - -[0m
[0mGET /css/sb-admin.css [36m304 [0m3.780 ms - -[0m
[0mGET /css/profile.css [36m304 [0m1.149 ms - -[0m
[0mGET /vendor/jquery/jquery.min.js [36m304 [0m1.185 ms - -[0m
[0mGET /vendor/bootstrap/js/bootstrap.bundle.min.js [36m304 [0m1.999 ms - -[0m
[0mGET /vendor/jquery-easing/jquery.easing.min.js [36m304 [0m1.582 ms - -[0m
[0mGET /vendor/chart.js/Chart.min.js [36m304 [0m1.129 ms - -[0m
[0mGET /vendor/datatables/jquery.dataTables.js [36m304 [0m1.289 ms - -[0m
[0mGET /vendor/datatables/dataTables.bootstrap4.js [36m304 [0m1.090 ms - -[0m
[0mGET /js/sb-admin.min.js [36m304 [0m4.205 ms - -[0m
[0mGET /js/sb-admin-datatables.min.js [36m304 [0m1.129 ms - -[0m
[0mGET /js/sb-admin-charts.min.js [36m304 [0m1.224 ms - -[0m
[0mGET /img/photo3.png [36m304 [0m5.559 ms - -[0m
[0mGET /relatos [32m200 [0m10.534 ms - 7495[0m
[0mGET /vendor/bootstrap/css/bootstrap.min.css [36m304 [0m1.614 ms - -[0m
[0mGET /vendor/font-awesome/css/font-awesome.min.css [36m304 [0m1.251 ms - -[0m
[0mGET /js/angular.min.js [36m304 [0m1.263 ms - -[0m
[0mGET /css/sb-admin.css [36m304 [0m1.285 ms - -[0m
[0mGET /css/profile.css [36m304 [0m1.128 ms - -[0m
[0mGET /vendor/jquery/jquery.min.js [36m304 [0m1.226 ms - -[0m
[0mGET /vendor/bootstrap/js/bootstrap.bundle.min.js [36m304 [0m1.205 ms - -[0m
[0mGET /vendor/jquery-easing/jquery.easing.min.js [36m304 [0m1.376 ms - -[0m
[0mGET /vendor/chart.js/Chart.min.js [36m304 [0m1.121 ms - -[0m
[0mGET /vendor/datatables/jquery.dataTables.js [36m304 [0m1.111 ms - -[0m
[0mGET /vendor/datatables/dataTables.bootstrap4.js [36m304 [0m1.925 ms - -[0m
[0mGET /js/sb-admin.min.js [36m304 [0m1.286 ms - -[0m
[0mGET /js/sb-admin-datatables.min.js [36m304 [0m1.218 ms - -[0m
[0mGET /js/sb-admin-charts.min.js [36m304 [0m1.226 ms - -[0m
[0mGET /mislibros [36m304 [0m3.384 ms - -[0m
[0mGET /vendor/bootstrap/css/bootstrap.min.css [36m304 [0m1.555 ms - -[0m
[0mGET /vendor/font-awesome/css/font-awesome.min.css [36m304 [0m1.541 ms - -[0m
[0mGET /js/angular.min.js [36m304 [0m1.202 ms - -[0m
[0mGET /css/sb-admin.css [36m304 [0m2.087 ms - -[0m
[0mGET /css/profile.css [36m304 [0m1.244 ms - -[0m
[0mGET /vendor/jquery/jquery.min.js [36m304 [0m1.200 ms - -[0m
[0mGET /vendor/bootstrap/js/bootstrap.bundle.min.js [36m304 [0m1.214 ms - -[0m
[0mGET /vendor/jquery-easing/jquery.easing.min.js [36m304 [0m1.193 ms - -[0m
[0mGET /vendor/chart.js/Chart.min.js [36m304 [0m1.277 ms - -[0m
[0mGET /vendor/datatables/jquery.dataTables.js [36m304 [0m1.297 ms - -[0m
[0mGET /vendor/datatables/dataTables.bootstrap4.js [36m304 [0m1.169 ms - -[0m
[0mGET /js/sb-admin.min.js [36m304 [0m1.159 ms - -[0m
[0mGET /js/sb-admin-datatables.min.js [36m304 [0m1.287 ms - -[0m
[0mGET /js/sb-admin-charts.min.js [36m304 [0m1.374 ms - -[0m
[0mGET /img/photo3.png [36m304 [0m1.262 ms - -[0m
[0mGET /mislibros [36m304 [0m3.336 ms - -[0m
[0mGET /vendor/bootstrap/css/bootstrap.min.css [36m304 [0m1.607 ms - -[0m
[0mGET /vendor/font-awesome/css/font-awesome.min.css [36m304 [0m1.167 ms - -[0m
[0mGET /js/angular.min.js [36m304 [0m1.244 ms - -[0m
[0mGET /css/sb-admin.css [36m304 [0m1.173 ms - -[0m
[0mGET /css/profile.css [36m304 [0m1.216 ms - -[0m
[0mGET /vendor/jquery/jquery.min.js [36m304 [0m1.169 ms - -[0m
[0mGET /vendor/bootstrap/js/bootstrap.bundle.min.js [36m304 [0m2.648 ms - -[0m
[0mGET /vendor/jquery-easing/jquery.easing.min.js [36m304 [0m1.254 ms - -[0m
[0mGET /vendor/chart.js/Chart.min.js [36m304 [0m1.629 ms - -[0m
[0mGET /vendor/datatables/jquery.dataTables.js [36m304 [0m1.680 ms - -[0m
[0mGET /vendor/datatables/dataTables.bootstrap4.js [36m304 [0m1.164 ms - -[0m
[0mGET /js/sb-admin.min.js [36m304 [0m1.244 ms - -[0m
[0mGET /js/sb-admin-datatables.min.js [36m304 [0m1.182 ms - -[0m
[0mGET /js/sb-admin-charts.min.js [36m304 [0m1.116 ms - -[0m
[0mGET /img/photo3.png [36m304 [0m1.175 ms - -[0m
[0mGET /logout [36m302 [0m1.785 ms - 46[0m
[0mGET / [36m304 [0m1.447 ms - -[0m
[0mGET /vendor/bootstrap/css/bootstrap.min.css [36m304 [0m0.614 ms - -[0m
[0mGET /vendor/font-awesome/css/font-awesome.min.css [36m304 [0m0.568 ms - -[0m
[0mGET /js/angular.min.js [36m304 [0m0.428 ms - -[0m
[0mGET /css/sb-admin.css [36m304 [0m1.491 ms - -[0m
[0mGET /css/profile.css [36m304 [0m0.431 ms - -[0m
[0mGET /vendor/jquery/jquery.min.js [36m304 [0m0.424 ms - -[0m
[0mGET /vendor/bootstrap/js/bootstrap.bundle.min.js [36m304 [0m0.428 ms - -[0m
[0mGET /vendor/jquery-easing/jquery.easing.min.js [36m304 [0m0.446 ms - -[0m
[0mGET / [36m304 [0m1.036 ms - -[0m
[0mGET /vendor/bootstrap/css/bootstrap.min.css [36m304 [0m0.688 ms - -[0m
[0mGET /vendor/font-awesome/css/font-awesome.min.css [36m304 [0m0.639 ms - -[0m
[0mGET /js/angular.min.js [36m304 [0m0.651 ms - -[0m
[0mGET /css/sb-admin.css [36m304 [0m0.653 ms - -[0m
[0mGET /css/profile.css [36m304 [0m0.715 ms - -[0m
[0mGET /vendor/jquery/jquery.min.js [36m304 [0m0.712 ms - -[0m
[0mGET /vendor/bootstrap/js/bootstrap.bundle.min.js [36m304 [0m0.652 ms - -[0m
[0mGET /vendor/jquery-easing/jquery.easing.min.js [36m304 [0m0.552 ms - -[0m
[0mGET /vendor/font-awesome/fonts/fontawesome-webfont.woff2?v=4.7.0 [36m304 [0m0.649 ms - -[0m
[0mGET / [32m200 [0m1.215 ms - 3221[0m
[0mGET /vendor/font-awesome/css/font-awesome.min.css [32m200 [0m0.500 ms - 31000[0m
[0mGET /css/sb-admin.css [32m200 [0m0.534 ms - 12302[0m
[0mGET /css/profile.css [32m200 [0m0.592 ms - 692[0m
[0mGET /vendor/bootstrap/css/bootstrap.min.css [32m200 [0m0.963 ms - 127343[0m
[0mGET /vendor/jquery-easing/jquery.easing.min.js [32m200 [0m0.575 ms - 2532[0m
[0mGET /js/angular.min.js [32m200 [0m0.655 ms - 106897[0m
[0mGET /vendor/bootstrap/js/bootstrap.bundle.min.js [32m200 [0m0.714 ms - 69453[0m
[0mGET /vendor/jquery/jquery.min.js [32m200 [0m0.631 ms - 86659[0m
[0mGET /vendor/font-awesome/fonts/fontawesome-webfont.woff2?v=4.7.0 [32m200 [0m0.718 ms - 77160[0m
[0mGET /favicon.ico [33m404 [0m2.179 ms - 150[0m
[0mGET / [36m304 [0m1.126 ms - -[0m
[0mGET /vendor/bootstrap/css/bootstrap.min.css [36m304 [0m1.395 ms - -[0m
[0mGET /css/sb-admin.css [36m304 [0m0.668 ms - -[0m
[0mGET /css/profile.css [36m304 [0m0.407 ms - -[0m
[0mGET /vendor/font-awesome/css/font-awesome.min.css [36m304 [0m0.415 ms - -[0m
[0mGET /js/angular.min.js [36m304 [0m0.458 ms - -[0m
[0mGET /vendor/jquery/jquery.min.js [36m304 [0m0.492 ms - -[0m
[0mGET /vendor/bootstrap/js/bootstrap.bundle.min.js [36m304 [0m0.529 ms - -[0m
[0mGET /vendor/jquery-easing/jquery.easing.min.js [36m304 [0m0.501 ms - -[0m
[0mGET /vendor/font-awesome/fonts/fontawesome-webfont.woff2?v=4.7.0 [36m304 [0m0.554 ms - -[0m
[0mGET /favicon.ico [33m404 [0m0.861 ms - 150[0m
[0mGET / [36m304 [0m1.127 ms - -[0m
[0mGET /vendor/bootstrap/css/bootstrap.min.css [36m304 [0m0.660 ms - -[0m
[0mGET /vendor/font-awesome/css/font-awesome.min.css [36m304 [0m1.245 ms - -[0m
[0mGET /css/sb-admin.css [36m304 [0m0.565 ms - -[0m
[0mGET /css/profile.css [36m304 [0m0.584 ms - -[0m
[0mGET /js/angular.min.js [36m304 [0m0.496 ms - -[0m
[0mGET /vendor/jquery/jquery.min.js [36m304 [0m0.446 ms - -[0m
[0mGET /vendor/bootstrap/js/bootstrap.bundle.min.js [36m304 [0m0.460 ms - -[0m
[0mGET /vendor/jquery-easing/jquery.easing.min.js [36m304 [0m0.492 ms - -[0m
[0mGET /vendor/font-awesome/fonts/fontawesome-webfont.woff2?v=4.7.0 [36m304 [0m0.570 ms - -[0m
[0mGET /favicon.ico [33m404 [0m0.629 ms - 150[0m
[0mGET / [36m304 [0m1.073 ms - -[0m
[0mGET /vendor/bootstrap/css/bootstrap.min.css [36m304 [0m0.656 ms - -[0m
[0mGET /vendor/font-awesome/css/font-awesome.min.css [36m304 [0m0.628 ms - -[0m
[0mGET /css/sb-admin.css [36m304 [0m0.422 ms - -[0m
[0mGET /css/profile.css [36m304 [0m0.638 ms - -[0m
[0mGET /vendor/jquery/jquery.min.js [36m304 [0m0.448 ms - -[0m
[0mGET /vendor/bootstrap/js/bootstrap.bundle.min.js [36m304 [0m0.406 ms - -[0m
[0mGET /vendor/jquery-easing/jquery.easing.min.js [36m304 [0m0.494 ms - -[0m
[0mGET /js/angular.min.js [36m304 [0m0.416 ms - -[0m
[0mGET /vendor/font-awesome/fonts/fontawesome-webfont.woff2?v=4.7.0 [36m304 [0m0.661 ms - -[0m
[0mGET /favicon.ico [33m404 [0m0.652 ms - 150[0m
[0mGET / [36m304 [0m1.227 ms - -[0m
[0mGET /vendor/bootstrap/css/bootstrap.min.css [36m304 [0m0.670 ms - -[0m
[0mGET /vendor/font-awesome/css/font-awesome.min.css [36m304 [0m0.656 ms - -[0m
[0mGET /js/angular.min.js [36m304 [0m0.497 ms - -[0m
[0mGET /css/sb-admin.css [36m304 [0m0.725 ms - -[0m
[0mGET /css/profile.css [36m304 [0m0.579 ms - -[0m
[0mGET /vendor/jquery/jquery.min.js [36m304 [0m0.543 ms - -[0m
[0mGET /vendor/bootstrap/js/bootstrap.bundle.min.js [36m304 [0m0.633 ms - -[0m
[0mGET /vendor/jquery-easing/jquery.easing.min.js [36m304 [0m0.516 ms - -[0m
